<?xml version="1.0" encoding="UTF-8"?>
<testsuite xmlns:xsi="http://www.w3.org/2001/XMLSchema-instance" xsi:noNamespaceSchemaLocation="https://maven.apache.org/surefire/maven-surefire-plugin/xsd/surefire-test-report.xsd" name="br.com.sensedia.joke.repository.JokeRespositoryTest" time="3.157" tests="2" errors="0" skipped="0" failures="0">
  <properties>
[...]
</properties>
  <testcase name="handleFindJokeByIdApi" classname="br.com.sensedia.joke.repository.JokeRespositoryTest" time="0.146"/>
  <testcase name="handleFindCategoriesWithAvg" classname="br.com.sensedia.joke.repository.JokeRespositoryTest" time="0.015"/>
</testsuite>